To honour the JVM settings for this build a single-use Daemon process will be forked. For more on this, please refer to https://docs.gradle.org/9.1.0/userguide/gradle_daemon.html#sec:disabling_the_daemon in the Gradle documentation.
Daemon will be stopped at the end of the build 
Reusing configuration cache.
> Task :checkKotlinGradlePluginConfigurationErrors SKIPPED
> Task :clean
> Task :processTestResources NO-SOURCE
> Task :processResources

> Task :compileKotlin FAILED
e: file:///C:/Users/vladi/OneDrive/Documents/GitHub/ProjectMace/src/main/kotlin/me/lonaldeu/projectmace/ProjectMacePlugin.kt:104:17 Unresolved reference 'initializeGameSystems'.
e: file:///C:/Users/vladi/OneDrive/Documents/GitHub/ProjectMace/src/main/kotlin/me/lonaldeu/projectmace/ProjectMacePlugin.kt:116:6 Syntax error: Expecting 'catch' or 'finally'.
e: file:///C:/Users/vladi/OneDrive/Documents/GitHub/ProjectMace/src/main/kotlin/me/lonaldeu/projectmace/ProjectMacePlugin.kt:118:5 Modifier 'private' is not applicable to 'local function'.
e: file:///C:/Users/vladi/OneDrive/Documents/GitHub/ProjectMace/src/main/kotlin/me/lonaldeu/projectmace/ProjectMacePlugin.kt:162:5 Modifier 'override' is not applicable to 'local function'.
e: file:///C:/Users/vladi/OneDrive/Documents/GitHub/ProjectMace/src/main/kotlin/me/lonaldeu/projectmace/ProjectMacePlugin.kt:181:2 Syntax error: Missing '}.

FAILURE: Build failed with an exception.

* What went wrong:
Execution failed for task ':compileKotlin'.
> A failure occurred while executing org.jetbrains.kotlin.compilerRunner.GradleCompilerRunnerWithWorkers$GradleKotlinCompilerWorkAction
   > Compilation error. See log for more details

* Try:
> Run with --stacktrace option to get the stack trace.
> Run with --info or --debug option to get more log output.
> Run with --scan to generate a Build Scan (Powered by Develocity).
> Get more help at https://help.gradle.org.

BUILD FAILED in 6s
3 actionable tasks: 3 executed
Configuration cache entry reused.
