e: file:///C:/Users/vladi/OneDrive/Documents/GitHub/ProjectMace/src/main/kotlin/me/lonaldeu/projectmace/mace/persistence/sqlite/SqlitePersistence.kt:333:9 'close' hides member of supertype 'MacePersistence' and needs an 'override' modifier.

FAILURE: Build failed with an exception.

* What went wrong:
Execution failed for task ':compileKotlin'.
> A failure occurred while executing org.jetbrains.kotlin.compilerRunner.GradleCompilerRunnerWithWorkers$GradleKotlinCompilerWorkAction
   > Compilation error. See log for more details

* Try:
> Run with --stacktrace option to get the stack trace.
> Run with --info or --debug option to get more log output.
> Run with --scan to generate a Build Scan (Powered by Develocity).
> Get more help at https://help.gradle.org.

BUILD FAILED in 6s
